0 info it worked if it ends with ok
1 verbose cli [ 'node', '/usr/local/bin/npm', 'install' ]
2 info using npm@1.4.28
3 info using node@v0.10.33
4 verbose readDependencies using package.json deps
5 verbose install where, deps [ '/Users/Sam/Google Drive/ThoughtWorks/code/seismic-server',
5 verbose install   [ 'body-parser',
5 verbose install     'debug',
5 verbose install     'dotenv',
5 verbose install     'es6-promise',
5 verbose install     'express',
5 verbose install     'form-data',
5 verbose install     'isomorphic-fetch',
5 verbose install     'jasmine',
5 verbose install     'jasmine-node',
5 verbose install     'node-fetch',
5 verbose install     'promise',
5 verbose install     'require',
5 verbose install     'requirejs',
5 verbose install     'socket.io' ] ]
6 info preinstall seismic-server@0.0.1
7 verbose readDependencies using package.json deps
8 verbose cache add [ 'dotenv@^2.0.0', null ]
9 verbose cache add name=undefined spec="dotenv@^2.0.0" args=["dotenv@^2.0.0",null]
10 verbose parsed url { protocol: null,
10 verbose parsed url   slashes: null,
10 verbose parsed url   auth: null,
10 verbose parsed url   host: null,
10 verbose parsed url   port: null,
10 verbose parsed url   hostname: null,
10 verbose parsed url   hash: null,
10 verbose parsed url   search: null,
10 verbose parsed url   query: null,
10 verbose parsed url   pathname: 'dotenv@^2.0.0',
10 verbose parsed url   path: 'dotenv@^2.0.0',
10 verbose parsed url   href: 'dotenv@^2.0.0' }
11 verbose cache add [ 'es6-promise@^3.3.1', null ]
12 verbose cache add name=undefined spec="es6-promise@^3.3.1" args=["es6-promise@^3.3.1",null]
13 verbose parsed url { protocol: null,
13 verbose parsed url   slashes: null,
13 verbose parsed url   auth: null,
13 verbose parsed url   host: null,
13 verbose parsed url   port: null,
13 verbose parsed url   hostname: null,
13 verbose parsed url   hash: null,
13 verbose parsed url   search: null,
13 verbose parsed url   query: null,
13 verbose parsed url   pathname: 'es6-promise@^3.3.1',
13 verbose parsed url   path: 'es6-promise@^3.3.1',
13 verbose parsed url   href: 'es6-promise@^3.3.1' }
14 verbose already installed skipping express@~4.10.2 /Users/Sam/Google Drive/ThoughtWorks/code/seismic-server
15 verbose already installed skipping form-data@^1.0.0-rc4 /Users/Sam/Google Drive/ThoughtWorks/code/seismic-server
16 verbose cache add [ 'isomorphic-fetch@^2.2.1', null ]
17 verbose cache add name=undefined spec="isomorphic-fetch@^2.2.1" args=["isomorphic-fetch@^2.2.1",null]
18 verbose parsed url { protocol: null,
18 verbose parsed url   slashes: null,
18 verbose parsed url   auth: null,
18 verbose parsed url   host: null,
18 verbose parsed url   port: null,
18 verbose parsed url   hostname: null,
18 verbose parsed url   hash: null,
18 verbose parsed url   search: null,
18 verbose parsed url   query: null,
18 verbose parsed url   pathname: 'isomorphic-fetch@^2.2.1',
18 verbose parsed url   path: 'isomorphic-fetch@^2.2.1',
18 verbose parsed url   href: 'isomorphic-fetch@^2.2.1' }
19 verbose cache add [ 'jasmine@^2.4.1', null ]
20 verbose cache add name=undefined spec="jasmine@^2.4.1" args=["jasmine@^2.4.1",null]
21 verbose parsed url { protocol: null,
21 verbose parsed url   slashes: null,
21 verbose parsed url   auth: null,
21 verbose parsed url   host: null,
21 verbose parsed url   port: null,
21 verbose parsed url   hostname: null,
21 verbose parsed url   hash: null,
21 verbose parsed url   search: null,
21 verbose parsed url   query: null,
21 verbose parsed url   pathname: 'jasmine@^2.4.1',
21 verbose parsed url   path: 'jasmine@^2.4.1',
21 verbose parsed url   href: 'jasmine@^2.4.1' }
22 verbose cache add [ 'jasmine-node@^1.14.5', null ]
23 verbose cache add name=undefined spec="jasmine-node@^1.14.5" args=["jasmine-node@^1.14.5",null]
24 verbose parsed url { protocol: null,
24 verbose parsed url   slashes: null,
24 verbose parsed url   auth: null,
24 verbose parsed url   host: null,
24 verbose parsed url   port: null,
24 verbose parsed url   hostname: null,
24 verbose parsed url   hash: null,
24 verbose parsed url   search: null,
24 verbose parsed url   query: null,
24 verbose parsed url   pathname: 'jasmine-node@^1.14.5',
24 verbose parsed url   path: 'jasmine-node@^1.14.5',
24 verbose parsed url   href: 'jasmine-node@^1.14.5' }
25 verbose cache add name="dotenv" spec="^2.0.0" args=["dotenv","^2.0.0"]
26 verbose parsed url { protocol: null,
26 verbose parsed url   slashes: null,
26 verbose parsed url   auth: null,
26 verbose parsed url   host: null,
26 verbose parsed url   port: null,
26 verbose parsed url   hostname: null,
26 verbose parsed url   hash: null,
26 verbose parsed url   search: null,
26 verbose parsed url   query: null,
26 verbose parsed url   pathname: '^2.0.0',
26 verbose parsed url   path: '^2.0.0',
26 verbose parsed url   href: '^2.0.0' }
27 verbose addNamed [ 'dotenv', '^2.0.0' ]
28 verbose addNamed [ null, '>=2.0.0-0 <3.0.0-0' ]
29 verbose cache add name="es6-promise" spec="^3.3.1" args=["es6-promise","^3.3.1"]
30 verbose parsed url { protocol: null,
30 verbose parsed url   slashes: null,
30 verbose parsed url   auth: null,
30 verbose parsed url   host: null,
30 verbose parsed url   port: null,
30 verbose parsed url   hostname: null,
30 verbose parsed url   hash: null,
30 verbose parsed url   search: null,
30 verbose parsed url   query: null,
30 verbose parsed url   pathname: '^3.3.1',
30 verbose parsed url   path: '^3.3.1',
30 verbose parsed url   href: '^3.3.1' }
31 verbose addNamed [ 'es6-promise', '^3.3.1' ]
32 verbose addNamed [ null, '>=3.3.1-0 <4.0.0-0' ]
33 verbose cache add name="isomorphic-fetch" spec="^2.2.1" args=["isomorphic-fetch","^2.2.1"]
34 verbose parsed url { protocol: null,
34 verbose parsed url   slashes: null,
34 verbose parsed url   auth: null,
34 verbose parsed url   host: null,
34 verbose parsed url   port: null,
34 verbose parsed url   hostname: null,
34 verbose parsed url   hash: null,
34 verbose parsed url   search: null,
34 verbose parsed url   query: null,
34 verbose parsed url   pathname: '^2.2.1',
34 verbose parsed url   path: '^2.2.1',
34 verbose parsed url   href: '^2.2.1' }
35 verbose addNamed [ 'isomorphic-fetch', '^2.2.1' ]
36 verbose addNamed [ null, '>=2.2.1-0 <3.0.0-0' ]
37 verbose cache add name="jasmine" spec="^2.4.1" args=["jasmine","^2.4.1"]
38 verbose parsed url { protocol: null,
38 verbose parsed url   slashes: null,
38 verbose parsed url   auth: null,
38 verbose parsed url   host: null,
38 verbose parsed url   port: null,
38 verbose parsed url   hostname: null,
38 verbose parsed url   hash: null,
38 verbose parsed url   search: null,
38 verbose parsed url   query: null,
38 verbose parsed url   pathname: '^2.4.1',
38 verbose parsed url   path: '^2.4.1',
38 verbose parsed url   href: '^2.4.1' }
39 verbose addNamed [ 'jasmine', '^2.4.1' ]
40 verbose addNamed [ null, '>=2.4.1-0 <3.0.0-0' ]
41 verbose cache add name="jasmine-node" spec="^1.14.5" args=["jasmine-node","^1.14.5"]
42 verbose parsed url { protocol: null,
42 verbose parsed url   slashes: null,
42 verbose parsed url   auth: null,
42 verbose parsed url   host: null,
42 verbose parsed url   port: null,
42 verbose parsed url   hostname: null,
42 verbose parsed url   hash: null,
42 verbose parsed url   search: null,
42 verbose parsed url   query: null,
42 verbose parsed url   pathname: '^1.14.5',
42 verbose parsed url   path: '^1.14.5',
42 verbose parsed url   href: '^1.14.5' }
43 verbose addNamed [ 'jasmine-node', '^1.14.5' ]
44 verbose addNamed [ null, '>=1.14.5-0 <2.0.0-0' ]
45 verbose already installed skipping node-fetch@^1.6.0 /Users/Sam/Google Drive/ThoughtWorks/code/seismic-server
46 verbose already installed skipping promise@^7.1.1 /Users/Sam/Google Drive/ThoughtWorks/code/seismic-server
47 verbose cache add [ 'require@^2.4.20', null ]
48 verbose cache add name=undefined spec="require@^2.4.20" args=["require@^2.4.20",null]
49 verbose parsed url { protocol: null,
49 verbose parsed url   slashes: null,
49 verbose parsed url   auth: null,
49 verbose parsed url   host: null,
49 verbose parsed url   port: null,
49 verbose parsed url   hostname: null,
49 verbose parsed url   hash: null,
49 verbose parsed url   search: null,
49 verbose parsed url   query: null,
49 verbose parsed url   pathname: 'require@^2.4.20',
49 verbose parsed url   path: 'require@^2.4.20',
49 verbose parsed url   href: 'require@^2.4.20' }
50 verbose cache add [ 'requirejs@^2.2.0', null ]
51 verbose cache add name=undefined spec="requirejs@^2.2.0" args=["requirejs@^2.2.0",null]
52 verbose parsed url { protocol: null,
52 verbose parsed url   slashes: null,
52 verbose parsed url   auth: null,
52 verbose parsed url   host: null,
52 verbose parsed url   port: null,
52 verbose parsed url   hostname: null,
52 verbose parsed url   hash: null,
52 verbose parsed url   search: null,
52 verbose parsed url   query: null,
52 verbose parsed url   pathname: 'requirejs@^2.2.0',
52 verbose parsed url   path: 'requirejs@^2.2.0',
52 verbose parsed url   href: 'requirejs@^2.2.0' }
53 silly lockFile 7cca6482-dotenv-2-0-0 dotenv@^2.0.0
54 verbose lock dotenv@^2.0.0 /Users/Sam/.npm/7cca6482-dotenv-2-0-0.lock
55 silly lockFile 7c143b3c-es6-promise-3-3-1 es6-promise@^3.3.1
56 verbose lock es6-promise@^3.3.1 /Users/Sam/.npm/7c143b3c-es6-promise-3-3-1.lock
57 silly lockFile 7bd11bdf-isomorphic-fetch-2-2-1 isomorphic-fetch@^2.2.1
58 verbose lock isomorphic-fetch@^2.2.1 /Users/Sam/.npm/7bd11bdf-isomorphic-fetch-2-2-1.lock
59 silly lockFile 3075c3fb-jasmine-2-4-1 jasmine@^2.4.1
60 verbose lock jasmine@^2.4.1 /Users/Sam/.npm/3075c3fb-jasmine-2-4-1.lock
61 silly lockFile 5977924f-jasmine-node-1-14-5 jasmine-node@^1.14.5
62 verbose lock jasmine-node@^1.14.5 /Users/Sam/.npm/5977924f-jasmine-node-1-14-5.lock
63 verbose cache add name="require" spec="^2.4.20" args=["require","^2.4.20"]
64 verbose parsed url { protocol: null,
64 verbose parsed url   slashes: null,
64 verbose parsed url   auth: null,
64 verbose parsed url   host: null,
64 verbose parsed url   port: null,
64 verbose parsed url   hostname: null,
64 verbose parsed url   hash: null,
64 verbose parsed url   search: null,
64 verbose parsed url   query: null,
64 verbose parsed url   pathname: '^2.4.20',
64 verbose parsed url   path: '^2.4.20',
64 verbose parsed url   href: '^2.4.20' }
65 verbose addNamed [ 'require', '^2.4.20' ]
66 verbose addNamed [ null, '>=2.4.20-0 <3.0.0-0' ]
67 silly lockFile b08fcf3f-require-2-4-20 require@^2.4.20
68 verbose lock require@^2.4.20 /Users/Sam/.npm/b08fcf3f-require-2-4-20.lock
69 verbose already installed skipping socket.io@^1.4.8 /Users/Sam/Google Drive/ThoughtWorks/code/seismic-server
70 verbose already installed skipping body-parser@~1.13.2 /Users/Sam/Google Drive/ThoughtWorks/code/seismic-server
71 verbose already installed skipping debug@~2.2.0 /Users/Sam/Google Drive/ThoughtWorks/code/seismic-server
72 verbose cache add name="requirejs" spec="^2.2.0" args=["requirejs","^2.2.0"]
73 verbose parsed url { protocol: null,
73 verbose parsed url   slashes: null,
73 verbose parsed url   auth: null,
73 verbose parsed url   host: null,
73 verbose parsed url   port: null,
73 verbose parsed url   hostname: null,
73 verbose parsed url   hash: null,
73 verbose parsed url   search: null,
73 verbose parsed url   query: null,
73 verbose parsed url   pathname: '^2.2.0',
73 verbose parsed url   path: '^2.2.0',
73 verbose parsed url   href: '^2.2.0' }
74 verbose addNamed [ 'requirejs', '^2.2.0' ]
75 verbose addNamed [ null, '>=2.2.0-0 <3.0.0-0' ]
76 silly lockFile 3417be15-requirejs-2-2-0 requirejs@^2.2.0
77 verbose lock requirejs@^2.2.0 /Users/Sam/.npm/3417be15-requirejs-2-2-0.lock
78 silly addNameRange { name: 'es6-promise',
78 silly addNameRange   range: '>=3.3.1-0 <4.0.0-0',
78 silly addNameRange   hasData: false }
79 silly addNameRange { name: 'dotenv', range: '>=2.0.0-0 <3.0.0-0', hasData: false }
80 silly addNameRange { name: 'isomorphic-fetch',
80 silly addNameRange   range: '>=2.2.1-0 <3.0.0-0',
80 silly addNameRange   hasData: false }
81 silly addNameRange { name: 'jasmine', range: '>=2.4.1-0 <3.0.0-0', hasData: false }
82 silly addNameRange { name: 'jasmine-node',
82 silly addNameRange   range: '>=1.14.5-0 <2.0.0-0',
82 silly addNameRange   hasData: false }
83 silly addNameRange { name: 'require', range: '>=2.4.20-0 <3.0.0-0', hasData: false }
84 silly addNameRange { name: 'requirejs',
84 silly addNameRange   range: '>=2.2.0-0 <3.0.0-0',
84 silly addNameRange   hasData: false }
85 verbose request where is /dotenv
86 verbose request registry https://registry.npmjs.org/
87 verbose request id da240f4df6fcaa18
88 verbose url raw /dotenv
89 verbose url resolving [ 'https://registry.npmjs.org/', './dotenv' ]
90 verbose url resolved https://registry.npmjs.org/dotenv
91 verbose request where is https://registry.npmjs.org/dotenv
92 info trying registry request attempt 1 at 16:33:30
93 http GET https://registry.npmjs.org/dotenv
94 verbose request where is /isomorphic-fetch
95 verbose request registry https://registry.npmjs.org/
96 verbose url raw /isomorphic-fetch
97 verbose url resolving [ 'https://registry.npmjs.org/', './isomorphic-fetch' ]
98 verbose url resolved https://registry.npmjs.org/isomorphic-fetch
99 verbose request where is https://registry.npmjs.org/isomorphic-fetch
100 info trying registry request attempt 1 at 16:33:30
101 http GET https://registry.npmjs.org/isomorphic-fetch
102 verbose request where is /jasmine
103 verbose request registry https://registry.npmjs.org/
104 verbose url raw /jasmine
105 verbose url resolving [ 'https://registry.npmjs.org/', './jasmine' ]
106 verbose url resolved https://registry.npmjs.org/jasmine
107 verbose request where is https://registry.npmjs.org/jasmine
108 info trying registry request attempt 1 at 16:33:30
109 http GET https://registry.npmjs.org/jasmine
110 verbose request where is /jasmine-node
111 verbose request registry https://registry.npmjs.org/
112 verbose url raw /jasmine-node
113 verbose url resolving [ 'https://registry.npmjs.org/', './jasmine-node' ]
114 verbose url resolved https://registry.npmjs.org/jasmine-node
115 verbose request where is https://registry.npmjs.org/jasmine-node
116 info trying registry request attempt 1 at 16:33:30
117 http GET https://registry.npmjs.org/jasmine-node
118 verbose request where is /require
119 verbose request registry https://registry.npmjs.org/
120 verbose url raw /require
121 verbose url resolving [ 'https://registry.npmjs.org/', './require' ]
122 verbose url resolved https://registry.npmjs.org/require
123 verbose request where is https://registry.npmjs.org/require
124 info trying registry request attempt 1 at 16:33:30
125 http GET https://registry.npmjs.org/require
126 verbose request where is /requirejs
127 verbose request registry https://registry.npmjs.org/
128 verbose url raw /requirejs
129 verbose url resolving [ 'https://registry.npmjs.org/', './requirejs' ]
130 verbose url resolved https://registry.npmjs.org/requirejs
131 verbose request where is https://registry.npmjs.org/requirejs
132 info trying registry request attempt 1 at 16:33:30
133 http GET https://registry.npmjs.org/requirejs
134 verbose request where is /es6-promise
135 verbose request registry https://registry.npmjs.org/
136 verbose url raw /es6-promise
137 verbose url resolving [ 'https://registry.npmjs.org/', './es6-promise' ]
138 verbose url resolved https://registry.npmjs.org/es6-promise
139 verbose request where is https://registry.npmjs.org/es6-promise
140 info trying registry request attempt 1 at 16:33:30
141 verbose etag "GGP69AHMWDEI48APB9WCNX8G"
142 http GET https://registry.npmjs.org/es6-promise
143 http 200 https://registry.npmjs.org/jasmine
144 silly registry.get cb [ 200,
144 silly registry.get   { server: 'CouchDB/1.5.0 (Erlang OTP/R16B03)',
144 silly registry.get     etag: '"4G79J770C9C1VZCK4QMUMX9NT"',
144 silly registry.get     'content-type': 'application/json',
144 silly registry.get     'content-encoding': 'gzip',
144 silly registry.get     'cache-control': 'max-age=300',
144 silly registry.get     'content-length': '3680',
144 silly registry.get     'accept-ranges': 'bytes',
144 silly registry.get     date: 'Fri, 16 Sep 2016 20:33:30 GMT',
144 silly registry.get     via: '1.1 varnish',
144 silly registry.get     age: '107',
144 silly registry.get     connection: 'keep-alive',
144 silly registry.get     'x-served-by': 'cache-iad2646-IAD',
144 silly registry.get     'x-cache': 'HIT',
144 silly registry.get     'x-cache-hits': '1',
144 silly registry.get     'x-timer': 'S1474058010.602243,VS0,VE0',
144 silly registry.get     vary: 'Accept-Encoding' } ]
145 http 200 https://registry.npmjs.org/isomorphic-fetch
146 silly registry.get cb [ 200,
146 silly registry.get   { server: 'CouchDB/1.6.1 (Erlang OTP/R16B03)',
146 silly registry.get     etag: '"5ZR7FLQCEHXT0BU04I5P749LC"',
146 silly registry.get     'content-type': 'application/json',
146 silly registry.get     'content-encoding': 'gzip',
146 silly registry.get     'cache-control': 'max-age=300',
146 silly registry.get     'content-length': '4829',
146 silly registry.get     'accept-ranges': 'bytes',
146 silly registry.get     date: 'Fri, 16 Sep 2016 20:33:30 GMT',
146 silly registry.get     via: '1.1 varnish',
146 silly registry.get     age: '114',
146 silly registry.get     connection: 'keep-alive',
146 silly registry.get     'x-served-by': 'cache-iad2127-IAD',
146 silly registry.get     'x-cache': 'HIT',
146 silly registry.get     'x-cache-hits': '1',
146 silly registry.get     'x-timer': 'S1474058010.604068,VS0,VE0',
146 silly registry.get     vary: 'Accept-Encoding' } ]
147 http 200 https://registry.npmjs.org/dotenv
148 silly registry.get cb [ 200,
148 silly registry.get   { server: 'CouchDB/1.5.0 (Erlang OTP/R16B03)',
148 silly registry.get     etag: '"H2TM2FEFUQSU7GSEAZY3CTF4"',
148 silly registry.get     'content-type': 'application/json',
148 silly registry.get     'content-encoding': 'gzip',
148 silly registry.get     'cache-control': 'max-age=300',
148 silly registry.get     'content-length': '7620',
148 silly registry.get     'accept-ranges': 'bytes',
148 silly registry.get     date: 'Fri, 16 Sep 2016 20:33:30 GMT',
148 silly registry.get     via: '1.1 varnish',
148 silly registry.get     age: '233',
148 silly registry.get     connection: 'keep-alive',
148 silly registry.get     'x-served-by': 'cache-iad2133-IAD',
148 silly registry.get     'x-cache': 'HIT',
148 silly registry.get     'x-cache-hits': '1',
148 silly registry.get     'x-timer': 'S1474058010.612119,VS0,VE0',
148 silly registry.get     vary: 'Accept-Encoding' } ]
149 http 200 https://registry.npmjs.org/jasmine-node
150 silly registry.get cb [ 200,
150 silly registry.get   { server: 'CouchDB/1.6.1 (Erlang OTP/R16B03)',
150 silly registry.get     etag: '"8FFI990RIBSVGS92AYEV0OV27"',
150 silly registry.get     'content-type': 'application/json',
150 silly registry.get     'content-encoding': 'gzip',
150 silly registry.get     'cache-control': 'max-age=300',
150 silly registry.get     'content-length': '13325',
150 silly registry.get     'accept-ranges': 'bytes',
150 silly registry.get     date: 'Fri, 16 Sep 2016 20:33:30 GMT',
150 silly registry.get     via: '1.1 varnish',
150 silly registry.get     age: '254',
150 silly registry.get     connection: 'keep-alive',
150 silly registry.get     'x-served-by': 'cache-iad2647-IAD',
150 silly registry.get     'x-cache': 'HIT',
150 silly registry.get     'x-cache-hits': '1',
150 silly registry.get     'x-timer': 'S1474058010.604420,VS0,VE0',
150 silly registry.get     vary: 'Accept-Encoding' } ]
151 http 200 https://registry.npmjs.org/requirejs
152 silly registry.get cb [ 200,
152 silly registry.get   { server: 'CouchDB/1.5.0 (Erlang OTP/R16B03)',
152 silly registry.get     etag: '"5AMHL0FP0W8161PF0HRLAZAOI"',
152 silly registry.get     'content-type': 'application/json',
152 silly registry.get     'content-encoding': 'gzip',
152 silly registry.get     'cache-control': 'max-age=300',
152 silly registry.get     'content-length': '5401',
152 silly registry.get     'accept-ranges': 'bytes',
152 silly registry.get     date: 'Fri, 16 Sep 2016 20:33:30 GMT',
152 silly registry.get     via: '1.1 varnish',
152 silly registry.get     age: '153',
152 silly registry.get     connection: 'keep-alive',
152 silly registry.get     'x-served-by': 'cache-iad2646-IAD',
152 silly registry.get     'x-cache': 'HIT',
152 silly registry.get     'x-cache-hits': '1',
152 silly registry.get     'x-timer': 'S1474058010.622958,VS0,VE0',
152 silly registry.get     vary: 'Accept-Encoding' } ]
153 http 200 https://registry.npmjs.org/es6-promise
154 silly registry.get cb [ 200,
154 silly registry.get   { server: 'CouchDB/1.5.0 (Erlang OTP/R16B03)',
154 silly registry.get     etag: '"C6FEX322DVKGUV0H95JAFLS1K"',
154 silly registry.get     'content-type': 'application/json',
154 silly registry.get     'content-encoding': 'gzip',
154 silly registry.get     'cache-control': 'max-age=300',
154 silly registry.get     'content-length': '5999',
154 silly registry.get     'accept-ranges': 'bytes',
154 silly registry.get     date: 'Fri, 16 Sep 2016 20:33:30 GMT',
154 silly registry.get     via: '1.1 varnish',
154 silly registry.get     age: '262',
154 silly registry.get     connection: 'keep-alive',
154 silly registry.get     'x-served-by': 'cache-iad2127-IAD',
154 silly registry.get     'x-cache': 'HIT',
154 silly registry.get     'x-cache-hits': '5',
154 silly registry.get     'x-timer': 'S1474058010.623025,VS0,VE0',
154 silly registry.get     vary: 'Accept-Encoding' } ]
155 silly addNameRange number 2 { name: 'jasmine', range: '>=2.4.1-0 <3.0.0-0', hasData: true }
156 silly addNameRange versions [ 'jasmine',
156 silly addNameRange   [ '2.0.1',
156 silly addNameRange     '2.1.0',
156 silly addNameRange     '2.1.1',
156 silly addNameRange     '2.2.0',
156 silly addNameRange     '2.2.1',
156 silly addNameRange     '2.3.0',
156 silly addNameRange     '2.3.1',
156 silly addNameRange     '2.3.2',
156 silly addNameRange     '2.4.0',
156 silly addNameRange     '2.4.1',
156 silly addNameRange     '2.5.0',
156 silly addNameRange     '2.5.1' ] ]
157 verbose addNamed [ 'jasmine', '2.5.1' ]
158 verbose addNamed [ '2.5.1', '2.5.1' ]
159 silly lockFile 65015ec0-jasmine-2-5-1 jasmine@2.5.1
160 verbose lock jasmine@2.5.1 /Users/Sam/.npm/65015ec0-jasmine-2-5-1.lock
161 silly addNameRange number 2 { name: 'isomorphic-fetch',
161 silly addNameRange   range: '>=2.2.1-0 <3.0.0-0',
161 silly addNameRange   hasData: true }
162 silly addNameRange versions [ 'isomorphic-fetch',
162 silly addNameRange   [ '1.0.0',
162 silly addNameRange     '1.0.2',
162 silly addNameRange     '1.1.0',
162 silly addNameRange     '1.1.1',
162 silly addNameRange     '1.1.2',
162 silly addNameRange     '1.1.3',
162 silly addNameRange     '1.2.0',
162 silly addNameRange     '1.3.0',
162 silly addNameRange     '1.4.0',
162 silly addNameRange     '1.5.0',
162 silly addNameRange     '1.5.1',
162 silly addNameRange     '1.5.2',
162 silly addNameRange     '1.6.0',
162 silly addNameRange     '1.6.1',
162 silly addNameRange     '1.7.0',
162 silly addNameRange     '2.0.0',
162 silly addNameRange     '2.0.1',
162 silly addNameRange     '2.0.2',
162 silly addNameRange     '2.1.0',
162 silly addNameRange     '2.1.1',
162 silly addNameRange     '2.2.0',
162 silly addNameRange     '2.2.1' ] ]
163 verbose addNamed [ 'isomorphic-fetch', '2.2.1' ]
164 verbose addNamed [ '2.2.1', '2.2.1' ]
165 silly lockFile 01157e67-isomorphic-fetch-2-2-1 isomorphic-fetch@2.2.1
166 verbose lock isomorphic-fetch@2.2.1 /Users/Sam/.npm/01157e67-isomorphic-fetch-2-2-1.lock
167 silly addNameRange number 2 { name: 'dotenv', range: '>=2.0.0-0 <3.0.0-0', hasData: true }
168 silly addNameRange versions [ 'dotenv',
168 silly addNameRange   [ '0.0.1',
168 silly addNameRange     '0.0.2',
168 silly addNameRange     '0.0.3',
168 silly addNameRange     '0.0.4',
168 silly addNameRange     '0.0.5',
168 silly addNameRange     '0.1.0',
168 silly addNameRange     '0.1.1',
168 silly addNameRange     '0.1.2',
168 silly addNameRange     '0.2.0',
168 silly addNameRange     '0.2.1',
168 silly addNameRange     '0.2.2',
168 silly addNameRange     '0.2.3',
168 silly addNameRange     '0.2.4',
168 silly addNameRange     '0.2.5',
168 silly addNameRange     '0.2.6',
168 silly addNameRange     '0.2.7',
168 silly addNameRange     '0.2.8',
168 silly addNameRange     '0.3.0',
168 silly addNameRange     '0.4.0',
168 silly addNameRange     '0.5.0',
168 silly addNameRange     '0.5.1',
168 silly addNameRange     '1.0.0',
168 silly addNameRange     '1.1.0',
168 silly addNameRange     '1.2.0',
168 silly addNameRange     '2.0.0' ] ]
169 verbose addNamed [ 'dotenv', '2.0.0' ]
170 verbose addNamed [ '2.0.0', '2.0.0' ]
171 silly lockFile fb52a3e6-dotenv-2-0-0 dotenv@2.0.0
172 verbose lock dotenv@2.0.0 /Users/Sam/.npm/fb52a3e6-dotenv-2-0-0.lock
173 silly lockFile 16bb62b5-js-org-jasmine-jasmine-2-5-1-tgz https://registry.npmjs.org/jasmine/-/jasmine-2.5.1.tgz
174 verbose lock https://registry.npmjs.org/jasmine/-/jasmine-2.5.1.tgz /Users/Sam/.npm/16bb62b5-js-org-jasmine-jasmine-2-5-1-tgz.lock
175 silly lockFile 96af8ca0-fetch-isomorphic-fetch-2-2-1-tgz https://registry.npmjs.org/isomorphic-fetch/-/isomorphic-fetch-2.2.1.tgz
176 verbose lock https://registry.npmjs.org/isomorphic-fetch/-/isomorphic-fetch-2.2.1.tgz /Users/Sam/.npm/96af8ca0-fetch-isomorphic-fetch-2-2-1-tgz.lock
177 silly lockFile d25c7cbd-pmjs-org-dotenv-dotenv-2-0-0-tgz https://registry.npmjs.org/dotenv/-/dotenv-2.0.0.tgz
178 verbose lock https://registry.npmjs.org/dotenv/-/dotenv-2.0.0.tgz /Users/Sam/.npm/d25c7cbd-pmjs-org-dotenv-dotenv-2-0-0-tgz.lock
179 verbose addRemoteTarball [ 'https://registry.npmjs.org/jasmine/-/jasmine-2.5.1.tgz',
179 verbose addRemoteTarball   '31c4c50490ec6fba506ca0c7b36d979ecf22cd88' ]
180 silly addNameRange number 2 { name: 'es6-promise',
180 silly addNameRange   range: '>=3.3.1-0 <4.0.0-0',
180 silly addNameRange   hasData: true }
181 silly addNameRange versions [ 'es6-promise',
181 silly addNameRange   [ '0.1.0',
181 silly addNameRange     '0.1.1',
181 silly addNameRange     '0.1.2',
181 silly addNameRange     '1.0.0',
181 silly addNameRange     '2.0.0',
181 silly addNameRange     '2.0.1',
181 silly addNameRange     '2.1.0',
181 silly addNameRange     '2.1.1',
181 silly addNameRange     '2.2.0',
181 silly addNameRange     '2.3.0',
181 silly addNameRange     '3.0.0',
181 silly addNameRange     '3.0.1',
181 silly addNameRange     '3.0.2',
181 silly addNameRange     '3.1.2',
181 silly addNameRange     '3.2.1',
181 silly addNameRange     '3.3.0',
181 silly addNameRange     '3.3.1' ] ]
182 verbose addNamed [ 'es6-promise', '3.3.1' ]
183 verbose addNamed [ '3.3.1', '3.3.1' ]
184 silly lockFile 183d7cb8-es6-promise-3-3-1 es6-promise@3.3.1
185 verbose lock es6-promise@3.3.1 /Users/Sam/.npm/183d7cb8-es6-promise-3-3-1.lock
186 verbose addRemoteTarball [ 'https://registry.npmjs.org/isomorphic-fetch/-/isomorphic-fetch-2.2.1.tgz',
186 verbose addRemoteTarball   '611ae1acf14f5e81f729507472819fe9733558a9' ]
187 verbose addRemoteTarball [ 'https://registry.npmjs.org/dotenv/-/dotenv-2.0.0.tgz',
187 verbose addRemoteTarball   'bd759c357aaa70365e01c96b7b0bec08a6e0d949' ]
188 silly addNameRange number 2 { name: 'jasmine-node',
188 silly addNameRange   range: '>=1.14.5-0 <2.0.0-0',
188 silly addNameRange   hasData: true }
189 silly addNameRange versions [ 'jasmine-node',
189 silly addNameRange   [ '1.0.1',
189 silly addNameRange     '1.0.2',
189 silly addNameRange     '1.0.3',
189 silly addNameRange     '1.0.4',
189 silly addNameRange     '1.0.5',
189 silly addNameRange     '1.0.6',
189 silly addNameRange     '1.0.7',
189 silly addNameRange     '1.0.8',
189 silly addNameRange     '1.0.9',
189 silly addNameRange     '1.0.10',
189 silly addNameRange     '1.0.11',
189 silly addNameRange     '1.0.12',
189 silly addNameRange     '1.0.13',
189 silly addNameRange     '1.0.15',
189 silly addNameRange     '1.0.16',
189 silly addNameRange     '1.0.17',
189 silly addNameRange     '1.0.18',
189 silly addNameRange     '1.0.19',
189 silly addNameRange     '1.0.20',
189 silly addNameRange     '1.0.21',
189 silly addNameRange     '1.0.22',
189 silly addNameRange     '1.0.23',
189 silly addNameRange     '1.0.24',
189 silly addNameRange     '1.0.25',
189 silly addNameRange     '1.0.26',
189 silly addNameRange     '1.0.27',
189 silly addNameRange     '1.0.28',
189 silly addNameRange     '1.1.0',
189 silly addNameRange     '1.2.0',
189 silly addNameRange     '1.2.1',
189 silly addNameRange     '1.2.2',
189 silly addNameRange     '1.2.3',
189 silly addNameRange     '1.3.0',
189 silly addNameRange     '1.3.1',
189 silly addNameRange     '1.4.0',
189 silly addNameRange     '1.5.0',
189 silly addNameRange     '1.6.0',
189 silly addNameRange     '1.7.0',
189 silly addNameRange     '1.7.1',
189 silly addNameRange     '1.8.0',
189 silly addNameRange     '1.8.1',
189 silly addNameRange     '1.9.0',
189 silly addNameRange     '1.9.1',
189 silly addNameRange     '1.10.0',
189 silly addNameRange     '1.10.1',
189 silly addNameRange     '1.10.2',
189 silly addNameRange     '1.11.0',
189 silly addNameRange     '1.12.0',
189 silly addNameRange     '1.12.1',
189 silly addNameRange     '1.13.0',
189 silly addNameRange     '1.13.1',
189 silly addNameRange     '1.14.0',
189 silly addNameRange     '1.14.1',
189 silly addNameRange     '2.0.0',
189 silly addNameRange     '1.14.2',
189 silly addNameRange     '2.0.0-beta1',
189 silly addNameRange     '2.0.0-beta2',
189 silly addNameRange     '2.0.0-beta3',
189 silly addNameRange     '1.14.3',
189 silly addNameRange     '2.0.0-beta4',
189 silly addNameRange     '1.14.4',
189 silly addNameRange     '1.14.5',
189 silly addNameRange     '1.0.0-rc1',
189 silly addNameRange     '1.0.0-rc2',
189 silly addNameRange     '1.0.0-rc3' ] ]
190 verbose addNamed [ 'jasmine-node', '1.14.5' ]
191 verbose addNamed [ '1.14.5', '1.14.5' ]
192 silly lockFile 3c9ba918-jasmine-node-1-14-5 jasmine-node@1.14.5
193 verbose lock jasmine-node@1.14.5 /Users/Sam/.npm/3c9ba918-jasmine-node-1-14-5.lock
194 silly addNameRange number 2 { name: 'requirejs', range: '>=2.2.0-0 <3.0.0-0', hasData: true }
195 silly addNameRange versions [ 'requirejs',
195 silly addNameRange   [ '0.26.0',
195 silly addNameRange     '0.27.0',
195 silly addNameRange     '0.27.1',
195 silly addNameRange     '1.0.0',
195 silly addNameRange     '1.0.1',
195 silly addNameRange     '1.0.2',
195 silly addNameRange     '1.0.3',
195 silly addNameRange     '1.0.4',
195 silly addNameRange     '1.0.5',
195 silly addNameRange     '1.0.6',
195 silly addNameRange     '1.0.7',
195 silly addNameRange     '1.0.8',
195 silly addNameRange     '2.0.0',
195 silly addNameRange     '2.0.1',
195 silly addNameRange     '2.0.2',
195 silly addNameRange     '2.0.3',
195 silly addNameRange     '2.0.4',
195 silly addNameRange     '2.0.5',
195 silly addNameRange     '2.0.6',
195 silly addNameRange     '2.1.0',
195 silly addNameRange     '2.1.1',
195 silly addNameRange     '2.1.2',
195 silly addNameRange     '2.1.3',
195 silly addNameRange     '2.1.4',
195 silly addNameRange     '2.1.5',
195 silly addNameRange     '2.1.6',
195 silly addNameRange     '2.1.7',
195 silly addNameRange     '2.1.8',
195 silly addNameRange     '2.1.9',
195 silly addNameRange     '2.1.10',
195 silly addNameRange     '2.1.11',
195 silly addNameRange     '2.1.12',
195 silly addNameRange     '2.1.13',
195 silly addNameRange     '2.1.14',
195 silly addNameRange     '2.1.15',
195 silly addNameRange     '2.1.16',
195 silly addNameRange     '2.1.17',
195 silly addNameRange     '2.1.18',
195 silly addNameRange     '2.1.19',
195 silly addNameRange     '2.1.20',
195 silly addNameRange     '2.1.21',
195 silly addNameRange     '2.1.22',
195 silly addNameRange     '2.2.0',
195 silly addNameRange     '2.3.0',
195 silly addNameRange     '2.3.1' ] ]
196 verbose addNamed [ 'requirejs', '2.3.1' ]
197 verbose addNamed [ '2.3.1', '2.3.1' ]
198 silly lockFile 519995c7-requirejs-2-3-1 requirejs@2.3.1
199 verbose lock requirejs@2.3.1 /Users/Sam/.npm/519995c7-requirejs-2-3-1.lock
200 silly lockFile 715089b4-s6-promise-es6-promise-3-3-1-tgz https://registry.npmjs.org/es6-promise/-/es6-promise-3.3.1.tgz
201 verbose lock https://registry.npmjs.org/es6-promise/-/es6-promise-3.3.1.tgz /Users/Sam/.npm/715089b4-s6-promise-es6-promise-3-3-1-tgz.lock
202 silly lockFile d0ec6374-ine-node-jasmine-node-1-14-5-tgz https://registry.npmjs.org/jasmine-node/-/jasmine-node-1.14.5.tgz
203 verbose lock https://registry.npmjs.org/jasmine-node/-/jasmine-node-1.14.5.tgz /Users/Sam/.npm/d0ec6374-ine-node-jasmine-node-1-14-5-tgz.lock
204 verbose addRemoteTarball [ 'https://registry.npmjs.org/es6-promise/-/es6-promise-3.3.1.tgz',
204 verbose addRemoteTarball   'a08cdde84ccdbf34d027a1451bc91d4bcd28a613' ]
205 silly lockFile fbe6fa0f-rg-requirejs-requirejs-2-3-1-tgz https://registry.npmjs.org/requirejs/-/requirejs-2.3.1.tgz
206 verbose lock https://registry.npmjs.org/requirejs/-/requirejs-2.3.1.tgz /Users/Sam/.npm/fbe6fa0f-rg-requirejs-requirejs-2-3-1-tgz.lock
207 verbose addRemoteTarball [ 'https://registry.npmjs.org/jasmine-node/-/jasmine-node-1.14.5.tgz',
207 verbose addRemoteTarball   '18e8397b856924ee77003666c3731b5aea50c39d' ]
208 info retry fetch attempt 1 at 16:33:30
209 verbose fetch to= /var/folders/lg/1ckgkhcd4g35c4sb33gp1fy80000gp/T/npm-18125-CwxaIAhd/registry.npmjs.org/jasmine/-/jasmine-2.5.1.tgz
210 verbose addRemoteTarball [ 'https://registry.npmjs.org/requirejs/-/requirejs-2.3.1.tgz',
210 verbose addRemoteTarball   '11d5a0225e47a634ac7348dba2a07fdebb1ac676' ]
211 info retry fetch attempt 1 at 16:33:30
212 verbose fetch to= /var/folders/lg/1ckgkhcd4g35c4sb33gp1fy80000gp/T/npm-18125-CwxaIAhd/registry.npmjs.org/es6-promise/-/es6-promise-3.3.1.tgz
213 http GET https://registry.npmjs.org/jasmine/-/jasmine-2.5.1.tgz
214 info retry fetch attempt 1 at 16:33:30
215 verbose fetch to= /var/folders/lg/1ckgkhcd4g35c4sb33gp1fy80000gp/T/npm-18125-CwxaIAhd/registry.npmjs.org/isomorphic-fetch/-/isomorphic-fetch-2.2.1.tgz
216 info retry fetch attempt 1 at 16:33:30
217 verbose fetch to= /var/folders/lg/1ckgkhcd4g35c4sb33gp1fy80000gp/T/npm-18125-CwxaIAhd/registry.npmjs.org/dotenv/-/dotenv-2.0.0.tgz
218 info retry fetch attempt 1 at 16:33:30
219 verbose fetch to= /var/folders/lg/1ckgkhcd4g35c4sb33gp1fy80000gp/T/npm-18125-CwxaIAhd/registry.npmjs.org/jasmine-node/-/jasmine-node-1.14.5.tgz
220 http GET https://registry.npmjs.org/es6-promise/-/es6-promise-3.3.1.tgz
221 info retry fetch attempt 1 at 16:33:30
222 verbose fetch to= /var/folders/lg/1ckgkhcd4g35c4sb33gp1fy80000gp/T/npm-18125-CwxaIAhd/registry.npmjs.org/requirejs/-/requirejs-2.3.1.tgz
223 http GET https://registry.npmjs.org/isomorphic-fetch/-/isomorphic-fetch-2.2.1.tgz
224 http GET https://registry.npmjs.org/dotenv/-/dotenv-2.0.0.tgz
225 http GET https://registry.npmjs.org/jasmine-node/-/jasmine-node-1.14.5.tgz
226 http GET https://registry.npmjs.org/requirejs/-/requirejs-2.3.1.tgz
227 http 200 https://registry.npmjs.org/jasmine/-/jasmine-2.5.1.tgz
228 http 200 https://registry.npmjs.org/isomorphic-fetch/-/isomorphic-fetch-2.2.1.tgz
229 http 200 https://registry.npmjs.org/es6-promise/-/es6-promise-3.3.1.tgz
230 http 200 https://registry.npmjs.org/dotenv/-/dotenv-2.0.0.tgz
231 http 200 https://registry.npmjs.org/jasmine-node/-/jasmine-node-1.14.5.tgz
232 http 200 https://registry.npmjs.org/requirejs/-/requirejs-2.3.1.tgz
233 silly lockFile 96af8ca0-fetch-isomorphic-fetch-2-2-1-tgz https://registry.npmjs.org/isomorphic-fetch/-/isomorphic-fetch-2.2.1.tgz
234 silly lockFile 96af8ca0-fetch-isomorphic-fetch-2-2-1-tgz https://registry.npmjs.org/isomorphic-fetch/-/isomorphic-fetch-2.2.1.tgz
235 silly lockFile 16bb62b5-js-org-jasmine-jasmine-2-5-1-tgz https://registry.npmjs.org/jasmine/-/jasmine-2.5.1.tgz
236 silly lockFile 16bb62b5-js-org-jasmine-jasmine-2-5-1-tgz https://registry.npmjs.org/jasmine/-/jasmine-2.5.1.tgz
237 silly lockFile 01157e67-isomorphic-fetch-2-2-1 isomorphic-fetch@2.2.1
238 silly lockFile 01157e67-isomorphic-fetch-2-2-1 isomorphic-fetch@2.2.1
239 silly lockFile 65015ec0-jasmine-2-5-1 jasmine@2.5.1
240 silly lockFile 65015ec0-jasmine-2-5-1 jasmine@2.5.1
241 silly lockFile 7bd11bdf-isomorphic-fetch-2-2-1 isomorphic-fetch@^2.2.1
242 silly lockFile 7bd11bdf-isomorphic-fetch-2-2-1 isomorphic-fetch@^2.2.1
243 silly lockFile 3075c3fb-jasmine-2-4-1 jasmine@^2.4.1
244 silly lockFile 3075c3fb-jasmine-2-4-1 jasmine@^2.4.1
245 silly lockFile d25c7cbd-pmjs-org-dotenv-dotenv-2-0-0-tgz https://registry.npmjs.org/dotenv/-/dotenv-2.0.0.tgz
246 silly lockFile d25c7cbd-pmjs-org-dotenv-dotenv-2-0-0-tgz https://registry.npmjs.org/dotenv/-/dotenv-2.0.0.tgz
247 silly lockFile fb52a3e6-dotenv-2-0-0 dotenv@2.0.0
248 silly lockFile fb52a3e6-dotenv-2-0-0 dotenv@2.0.0
249 silly lockFile 7cca6482-dotenv-2-0-0 dotenv@^2.0.0
250 silly lockFile 7cca6482-dotenv-2-0-0 dotenv@^2.0.0
251 silly lockFile 715089b4-s6-promise-es6-promise-3-3-1-tgz https://registry.npmjs.org/es6-promise/-/es6-promise-3.3.1.tgz
252 silly lockFile 715089b4-s6-promise-es6-promise-3-3-1-tgz https://registry.npmjs.org/es6-promise/-/es6-promise-3.3.1.tgz
253 silly lockFile 183d7cb8-es6-promise-3-3-1 es6-promise@3.3.1
254 silly lockFile 183d7cb8-es6-promise-3-3-1 es6-promise@3.3.1
255 silly lockFile 7c143b3c-es6-promise-3-3-1 es6-promise@^3.3.1
256 silly lockFile 7c143b3c-es6-promise-3-3-1 es6-promise@^3.3.1
257 silly lockFile d0ec6374-ine-node-jasmine-node-1-14-5-tgz https://registry.npmjs.org/jasmine-node/-/jasmine-node-1.14.5.tgz
258 silly lockFile d0ec6374-ine-node-jasmine-node-1-14-5-tgz https://registry.npmjs.org/jasmine-node/-/jasmine-node-1.14.5.tgz
259 silly lockFile 3c9ba918-jasmine-node-1-14-5 jasmine-node@1.14.5
260 silly lockFile 3c9ba918-jasmine-node-1-14-5 jasmine-node@1.14.5
261 silly lockFile 5977924f-jasmine-node-1-14-5 jasmine-node@^1.14.5
262 silly lockFile 5977924f-jasmine-node-1-14-5 jasmine-node@^1.14.5
263 silly lockFile fbe6fa0f-rg-requirejs-requirejs-2-3-1-tgz https://registry.npmjs.org/requirejs/-/requirejs-2.3.1.tgz
264 silly lockFile fbe6fa0f-rg-requirejs-requirejs-2-3-1-tgz https://registry.npmjs.org/requirejs/-/requirejs-2.3.1.tgz
265 silly lockFile 519995c7-requirejs-2-3-1 requirejs@2.3.1
266 silly lockFile 519995c7-requirejs-2-3-1 requirejs@2.3.1
267 silly lockFile 3417be15-requirejs-2-2-0 requirejs@^2.2.0
268 silly lockFile 3417be15-requirejs-2-2-0 requirejs@^2.2.0
269 http 200 https://registry.npmjs.org/require
270 silly registry.get cb [ 200,
270 silly registry.get   { server: 'CouchDB/1.6.1 (Erlang OTP/R16B03)',
270 silly registry.get     etag: '"7AV4P1SH91W9V46Z345N8XWOB"',
270 silly registry.get     'content-type': 'application/json',
270 silly registry.get     'content-encoding': 'gzip',
270 silly registry.get     'cache-control': 'max-age=300',
270 silly registry.get     'content-length': '3225',
270 silly registry.get     'accept-ranges': 'bytes',
270 silly registry.get     date: 'Fri, 16 Sep 2016 20:33:31 GMT',
270 silly registry.get     via: '1.1 varnish',
270 silly registry.get     age: '0',
270 silly registry.get     connection: 'keep-alive',
270 silly registry.get     'x-served-by': 'cache-iad2636-IAD',
270 silly registry.get     'x-cache': 'HIT',
270 silly registry.get     'x-cache-hits': '1',
270 silly registry.get     'x-timer': 'S1474058010.614838,VS0,VE389',
270 silly registry.get     vary: 'Accept-Encoding' } ]
271 silly addNameRange number 2 { name: 'require', range: '>=2.4.20-0 <3.0.0-0', hasData: true }
272 silly addNameRange versions [ 'require',
272 silly addNameRange   [ '0.3.1',
272 silly addNameRange     '0.3.2',
272 silly addNameRange     '0.4.0',
272 silly addNameRange     '0.4.2',
272 silly addNameRange     '0.4.4',
272 silly addNameRange     '0.4.5',
272 silly addNameRange     '0.4.6',
272 silly addNameRange     '0.4.8',
272 silly addNameRange     '0.4.9',
272 silly addNameRange     '0.5.0',
272 silly addNameRange     '0.5.1',
272 silly addNameRange     '2.4.16',
272 silly addNameRange     '2.4.17',
272 silly addNameRange     '2.4.18',
272 silly addNameRange     '2.4.19',
272 silly addNameRange     '2.4.20' ] ]
273 verbose addNamed [ 'require', '2.4.20' ]
274 verbose addNamed [ '2.4.20', '2.4.20' ]
275 silly lockFile 3c1173a9-require-2-4-20 require@2.4.20
276 verbose lock require@2.4.20 /Users/Sam/.npm/3c1173a9-require-2-4-20.lock
277 silly lockFile f14ab090-s-org-require-require-2-4-20-tgz https://registry.npmjs.org/require/-/require-2.4.20.tgz
278 verbose lock https://registry.npmjs.org/require/-/require-2.4.20.tgz /Users/Sam/.npm/f14ab090-s-org-require-require-2-4-20-tgz.lock
279 verbose addRemoteTarball [ 'https://registry.npmjs.org/require/-/require-2.4.20.tgz',
279 verbose addRemoteTarball   '66cb6baaabb65de8a71d793f5c65fd184f3798b6' ]
280 info retry fetch attempt 1 at 16:33:31
281 verbose fetch to= /var/folders/lg/1ckgkhcd4g35c4sb33gp1fy80000gp/T/npm-18125-CwxaIAhd/registry.npmjs.org/require/-/require-2.4.20.tgz
282 http GET https://registry.npmjs.org/require/-/require-2.4.20.tgz
283 http 200 https://registry.npmjs.org/require/-/require-2.4.20.tgz
284 silly lockFile f14ab090-s-org-require-require-2-4-20-tgz https://registry.npmjs.org/require/-/require-2.4.20.tgz
285 silly lockFile f14ab090-s-org-require-require-2-4-20-tgz https://registry.npmjs.org/require/-/require-2.4.20.tgz
286 silly lockFile 3c1173a9-require-2-4-20 require@2.4.20
287 silly lockFile 3c1173a9-require-2-4-20 require@2.4.20
288 silly lockFile b08fcf3f-require-2-4-20 require@^2.4.20
289 silly lockFile b08fcf3f-require-2-4-20 require@^2.4.20
290 error Error: EACCES, mkdir '/Users/Sam/.npm/es6-promise/3.3.1'
290 error  { [Error: EACCES, mkdir '/Users/Sam/.npm/es6-promise/3.3.1']
290 error   errno: 3,
290 error   code: 'EACCES',
290 error   path: '/Users/Sam/.npm/es6-promise/3.3.1',
290 error   parent: 'seismic-server' }
291 error Please try running this command again as root/Administrator.
292 error System Darwin 15.5.0
293 error command "node" "/usr/local/bin/npm" "install"
294 error cwd /Users/Sam/Google Drive/ThoughtWorks/code/seismic-server
295 error node -v v0.10.33
296 error npm -v 1.4.28
297 error path /Users/Sam/.npm/es6-promise/3.3.1
298 error code EACCES
299 error errno 3
300 error stack Error: EACCES, mkdir '/Users/Sam/.npm/es6-promise/3.3.1'
301 verbose exit [ 3, true ]
